A D/Animations////
A D/Events////
A D/FFTs////
A D/FieldMapping////
A D/From_Fanning////
A D/GENE////
A D/GKV4D////
A D/GKV_View////
A D/GKV_WIDGETS////
A D/GPI Data////
A D/GS2////
A D/GTC////
A D/Gyro////
A D/Integration////
A D/ManipulatingObjects////
A D/Manipulating_Units////
A D/Nevins_stuff////
A D/PDFs////
A D/Porter_Profiles////
A D/Projection////
A D/SSPX////
A D/SaveToDisk////
A D/Spectral_Analysis////
A D/TauCorrs////
A D/Tube////
A D/Under_Development////
A D/bout////
A D/pg3eq////
A D/xcorr0////
